[22Jan2025 00:00:38.660] [Server thread/INFO] [net.minecraft.server.MinecraftServer/]: [Tmarsi219: Set own game mode to Creative Mode]
[22Jan2025 00:00:46.586] [Server thread/INFO] [net.minecraft.server.MinecraftServer/]: [Tmarsi219: Set own game mode to Survival Mode]
[22Jan2025 00:01:06.949] [Server thread/INFO] [net.minecraft.server.MinecraftServer/]: [Tmarsi219: Set own game mode to Spectator Mode]
[22Jan2025 00:01:14.744] [Server thread/INFO] [net.minecraft.server.MinecraftServer/]: [Tmarsi219: Set own game mode to Survival Mode]
[22Jan2025 00:01:39.253] [Server thread/INFO] [net.minecraft.server.MinecraftServer/]: Tmarsi219 has made the advancement [Diamonds!]
[22Jan2025 00:02:00.453] [Server thread/INFO] [net.minecraft.server.MinecraftServer/]: [Tmarsi219: Set own game mode to Spectator Mode]
[22Jan2025 00:02:25.046] [Server thread/INFO] [net.minecraft.server.MinecraftServer/]: [Tmarsi219: Set own game mode to Survival Mode]
[22Jan2025 00:03:02.157] [Server thread/INFO] [net.minecraft.server.MinecraftServer/]: MRempanadass has made the advancement [Voluntary Exile]
[22Jan2025 00:03:49.546] [Server thread/INFO] [net.minecraft.server.MinecraftServer/]: [Tmarsi219: Set own game mode to Spectator Mode]
[22Jan2025 00:03:56.092] [Server thread/INFO] [net.minecraft.server.MinecraftServer/]: [Tmarsi219: Set own game mode to Survival Mode]
[22Jan2025 00:04:40.480] [Server thread/INFO] [net.minecraft.server.MinecraftServer/]: Tmarsi219 was slain by Ice Dragon
[22Jan2025 00:04:40.493] [Server thread/INFO] [tombstone/]: The player Tmarsi219 has successfully been saved
[22Jan2025 00:05:39.398] [Server thread/INFO] [net.minecraft.server.MinecraftServer/]: [Tmarsi219: Set own game mode to Creative Mode]
[22Jan2025 00:05:41.595] [Server thread/INFO] [net.minecraft.server.MinecraftServer/]: [Tmarsi219: Set own game mode to Survival Mode]
[22Jan2025 00:05:56.593] [Server thread/INFO] [net.minecraft.server.MinecraftServer/]: [Tmarsi219: Set own game mode to Creative Mode]
[22Jan2025 00:06:02.402] [Server thread/INFO] [net.minecraft.server.MinecraftServer/]: [Tmarsi219: Set own game mode to Survival Mode]
[22Jan2025 00:06:30.090] [Server thread/INFO] [net.minecraft.server.MinecraftServer/]: Tmarsi219 suffocated in a wall whilst fighting Ice Dragon
[22Jan2025 00:06:30.093] [Server thread/INFO] [tombstone/]: The player Tmarsi219 has successfully been saved
[22Jan2025 00:06:36.987] [Server thread/WARN] [net.minecraft.server.network.ServerGamePacketListenerImpl/]: Tmarsi219 was kicked for floating too long!
[22Jan2025 00:06:37.050] [Server thread/INFO] [net.minecraft.server.network.ServerGamePacketListenerImpl/]: Tmarsi219 lost connection: Flying is not enabled on this server
[22Jan2025 00:06:37.050] [Server thread/INFO] [net.minecraft.server.MinecraftServer/]: Tmarsi219 left the game
[22Jan2025 00:06:44.189] [Server thread/INFO] [net.minecraftforge.common.AdvancementLoadFix/]: Using new advancement loading for net.minecraft.server.PlayerAdvancements@63a1e20d
[22Jan2025 00:06:44.199] [Server thread/INFO] [net.minecraft.server.players.PlayerList/]: Tmarsi219[/127.26.246.178:57881] logged in with entity id 9086 at (378.5114601120735, 184.6350465511125, -2748.452097210338)
[22Jan2025 00:06:44.213] [Server thread/INFO] [net.minecraft.server.MinecraftServer/]: Tmarsi219 joined the game
[22Jan2025 00:06:44.217] [Server thread/INFO] [Jade/]: Syncing config to Tmarsi219 (fa9e6abc-6e4a-352b-b5da-32290d78f2d4)
[22Jan2025 00:06:46.666] [Server thread/WARN] [net.minecraft.server.MinecraftServer/]: Can't keep up! Is the server overloaded? Running 2395ms or 47 ticks behind
[22Jan2025 00:08:18.500] [Server thread/INFO] [net.minecraft.server.MinecraftServer/]: [Tmarsi219: Set own game mode to Spectator Mode]
[22Jan2025 00:08:25.496] [Server thread/INFO] [net.minecraft.server.MinecraftServer/]: [Tmarsi219: Set own game mode to Adventure Mode]
[22Jan2025 00:08:39.405] [Server thread/INFO] [net.minecraft.server.MinecraftServer/]: [Tmarsi219: Set own game mode to Creative Mode]
[22Jan2025 00:08:47.202] [Server thread/INFO] [net.minecraft.server.MinecraftServer/]: [Tmarsi219: Set own game mode to Survival Mode]
[22Jan2025 00:09:18.344] [Server thread/INFO] [net.minecraft.server.MinecraftServer/]: [Tmarsi219: Set own game mode to Spectator Mode]
[22Jan2025 00:09:36.653] [Server thread/WARN] [net.minecraft.server.network.ServerGamePacketListenerImpl/]: Tmarsi219 moved too quickly! -8.883753687194144,0.0,-5.247703685771739
